app/build/outputs/logs/manifest-merger-debug-report.txt
-- Merging decision tree log ---
manifest
ADDED from PublicPlatform\app\AndroidManifest.xml:2:1-190:12
	package
		ADDED from PublicPlatform\app\AndroidManifest.xml:3:5-32
	android:versionName
		ADDED from PublicPlatform\app\AndroidManifest.xml:5:5-32
		INJECTED from PublicPlatform\app\AndroidManifest.xml
		INJECTED from PublicPlatform\app\AndroidManifest.xml
	android:versionCode
		ADDED from PublicPlatform\app\AndroidManifest.xml:4:5-30
		INJECTED from PublicPlatform\app\AndroidManifest.xml
		INJECTED from PublicPlatform\app\AndroidManifest.xml
	xmlns:android
		ADDED from PublicPlatform\app\AndroidManifest.xml:2:11-69
permission#com.efly.platform.permission.JPUSH_MESSAGE
ADDED from PublicPlatform\app\AndroidManifest.xml:7:5-9:47
	android:protectionLevel
		ADDED from PublicPlatform\app\AndroidManifest.xml:9:9-44
	android:name
		ADDED from PublicPlatform\app\AndroidManifest.xml:8:9-66
uses-permission#com.efly.platform.permission.JPUSH_MESSAGE
ADDED from PublicPlatform\app\AndroidManifest.xml:12:5-82
	android:name
		ADDED from PublicPlatform\app\AndroidManifest.xml:12:22-79
uses-permission#android.permission.RECEIVE_USER_PRESENT
ADDED from PublicPlatform\app\AndroidManifest.xml:13:5-79
	android:name
		ADDED from PublicPlatform\app\AndroidManifest.xml:13:22-76
uses-permission#android.permission.INTERNET
ADDED from PublicPlatform\app\AndroidManifest.xml:14:5-67
	android:name
		ADDED from PublicPlatform\app\AndroidManifest.xml:14:22-64
uses-permission#android.permission.WAKE_LOCK
ADDED from PublicPlatform\app\AndroidManifest.xml:15:5-68
	android:name
		ADDED from PublicPlatform\app\AndroidManifest.xml:15:22-65
uses-permission#android.permission.READ_PHONE_STATE
ADDED from PublicPlatform\app\AndroidManifest.xml:16:5-75
	android:name
		ADDED from PublicPlatform\app\AndroidManifest.xml:16:22-72
uses-permission#android.permission.WRITE_EXTERNAL_STORAGE
ADDED from PublicPlatform\app\AndroidManifest.xml:17:5-81
	android:name
		ADDED from PublicPlatform\app\AndroidManifest.xml:17:22-78
uses-permission#android.permission.READ_EXTERNAL_STORAGE
ADDED from PublicPlatform\app\AndroidManifest.xml:18:5-80
	android:name
		ADDED from PublicPlatform\app\AndroidManifest.xml:18:22-77
uses-permission#android.permission.WRITE_SETTINGS
ADDED from PublicPlatform\app\AndroidManifest.xml:19:5-73
	android:name
		ADDED from PublicPlatform\app\AndroidManifest.xml:19:22-70
uses-permission#android.permission.VIBRATE
ADDED from PublicPlatform\app\AndroidManifest.xml:20:5-66
	android:name
		ADDED from PublicPlatform\app\AndroidManifest.xml:20:22-63
uses-permission#android.permission.MOUNT_UNMOUNT_FILESYSTEMS
ADDED from PublicPlatform\app\AndroidManifest.xml:21:5-84
	android:name
		ADDED from PublicPlatform\app\AndroidManifest.xml:21:22-81
uses-permission#android.permission.ACCESS_NETWORK_STATE
ADDED from PublicPlatform\app\AndroidManifest.xml:22:5-79
	android:name
		ADDED from PublicPlatform\app\AndroidManifest.xml:22:22-76
uses-permission#android.permission.ACCESS_WIFI_STATE
ADDED from PublicPlatform\app\AndroidManifest.xml:23:5-76
	android:name
		ADDED from PublicPlatform\app\AndroidManifest.xml:23:22-73
uses-permission#android.permission.SYSTEM_ALERT_WINDOW
ADDED from PublicPlatform\app\AndroidManifest.xml:24:5-77
	android:name
		ADDED from PublicPlatform\app\AndroidManifest.xml:24:22-75
uses-permission#android.permission.ACCESS_COARSE_LOCATION
ADDED from PublicPlatform\app\AndroidManifest.xml:29:5-81
	android:name
		ADDED from PublicPlatform\app\AndroidManifest.xml:29:22-78
uses-permission#android.permission.CHANGE_WIFI_STATE
ADDED from PublicPlatform\app\AndroidManifest.xml:30:5-76
	android:name
		ADDED from PublicPlatform\app\AndroidManifest.xml:30:22-73
uses-permission#android.permission.ACCESS_FINE_LOCATION
ADDED from PublicPlatform\app\AndroidManifest.xml:31:5-79
	android:name
		ADDED from PublicPlatform\app\AndroidManifest.xml:31:22-76
uses-permission#android.permission.ACCESS_LOCATION_EXTRA_COMMANDS
ADDED from PublicPlatform\app\AndroidManifest.xml:32:5-89
	android:name
		ADDED from PublicPlatform\app\AndroidManifest.xml:32:22-86
uses-permission#android.permission.CHANGE_NETWORK_STATE
ADDED from PublicPlatform\app\AndroidManifest.xml:33:5-79
	android:name
		ADDED from PublicPlatform\app\AndroidManifest.xml:33:22-76
application
ADDED from PublicPlatform\app\AndroidManifest.xml:35:5-189:19
MERGED from [com.android.support:appcompat-v7:23.1.1] AndroidManifest.xml:22:5-20
MERGED from [com.android.support:support-v4:23.1.1] AndroidManifest.xml:22:5-20
	android:label
		ADDED from PublicPlatform\app\AndroidManifest.xml:38:9-41
	android:allowBackup
		ADDED from PublicPlatform\app\AndroidManifest.xml:37:9-35
	android:icon
		ADDED from PublicPlatform\app\AndroidManifest.xml:36:9-45
	android:theme
		ADDED from PublicPlatform\app\AndroidManifest.xml:39:9-40
	android:name
		ADDED from PublicPlatform\app\AndroidManifest.xml:40:9-45
activity#com.efly.platform.MainActivity
ADDED from PublicPlatform\app\AndroidManifest.xml:44:9-51:20
	android:label
		ADDED from PublicPlatform\app\AndroidManifest.xml:46:13-45
	android:name
		ADDED from PublicPlatform\app\AndroidManifest.xml:45:13-41
intent-filter#android.intent.action.MAIN+android.intent.category.LAUNCHER
ADDED from PublicPlatform\app\AndroidManifest.xml:47:13-50:29
action#android.intent.action.MAIN
ADDED from PublicPlatform\app\AndroidManifest.xml:48:17-69
	android:name
		ADDED from PublicPlatform\app\AndroidManifest.xml:48:25-66
category#android.intent.category.LAUNCHER
ADDED from PublicPlatform\app\AndroidManifest.xml:49:17-77
	android:name
		ADDED from PublicPlatform\app\AndroidManifest.xml:49:27-74
activity#com.efly.platform.base.BaseActivity
ADDED from PublicPlatform\app\AndroidManifest.xml:53:9-64
	android:name
		ADDED from PublicPlatform\app\AndroidManifest.xml:53:19-52
activity#com.efly.platform.LoginIndexActivity
ADDED from PublicPlatform\app\AndroidManifest.xml:54:9-65
	android:name
		ADDED from PublicPlatform\app\AndroidManifest.xml:54:19-53
activity#com.efly.platform.jpush.PushSetActivity
ADDED from PublicPlatform\app\AndroidManifest.xml:77:8-100
	android:label
		ADDED from PublicPlatform\app\AndroidManifest.xml:77:56-88
	android:name
		ADDED from PublicPlatform\app\AndroidManifest.xml:77:18-55
activity#com.efly.platform.jpush.SettingActivity
ADDED from PublicPlatform\app\AndroidManifest.xml:79:8-100
	android:label
		ADDED from PublicPlatform\app\AndroidManifest.xml:79:56-88
	android:name
		ADDED from PublicPlatform\app\AndroidManifest.xml:79:18-55
activity#com.efly.platform.jpush.TestActivity
ADDED from PublicPlatform\app\AndroidManifest.xml:81:9-86:20
	android:exported
		ADDED from PublicPlatform\app\AndroidManifest.xml:81:54-78
	android:name
		ADDED from PublicPlatform\app\AndroidManifest.xml:81:19-53
intent-filter#jpush.testAction+jpush.testCategory
ADDED from PublicPlatform\app\AndroidManifest.xml:82:13-85:29
action#jpush.testAction
ADDED from PublicPlatform\app\AndroidManifest.xml:83:17-59
	android:name
		ADDED from PublicPlatform\app\AndroidManifest.xml:83:25-56
category#jpush.testCategory
ADDED from PublicPlatform\app\AndroidManifest.xml:84:17-63
	android:name
		ADDED from PublicPlatform\app\AndroidManifest.xml:84:27-60
activity#cn.jpush.android.ui.PopWinActivity
ADDED from PublicPlatform\app\AndroidManifest.xml:89:9-93:20
	android:exported
		ADDED from PublicPlatform\app\AndroidManifest.xml:92:13-37
	android:theme
		ADDED from PublicPlatform\app\AndroidManifest.xml:91:13-49
	android:name
		ADDED from PublicPlatform\app\AndroidManifest.xml:90:13-62
activity#cn.jpush.android.ui.PushActivity
ADDED from PublicPlatform\app\AndroidManifest.xml:96:9-106:20
	android:exported
		ADDED from PublicPlatform\app\AndroidManifest.xml:100:13-37
	android:configChanges
		ADDED from PublicPlatform\app\AndroidManifest.xml:98:13-63
	android:theme
		ADDED from PublicPlatform\app\AndroidManifest.xml:99:13-60
	android:name
		ADDED from PublicPlatform\app\AndroidManifest.xml:97:13-60
intent-filter#android.intent.category.DEFAULT+cn.jpush.android.ui.PushActivity+com.efly.platform
ADDED from PublicPlatform\app\AndroidManifest.xml:101:13-105:29
action#cn.jpush.android.ui.PushActivity
ADDED from PublicPlatform\app\AndroidManifest.xml:102:17-75
	android:name
		ADDED from PublicPlatform\app\AndroidManifest.xml:102:25-72
category#android.intent.category.DEFAULT
ADDED from PublicPlatform\app\AndroidManifest.xml:103:17-76
	android:name
		ADDED from PublicPlatform\app\AndroidManifest.xml:103:27-73
category#com.efly.platform
ADDED from PublicPlatform\app\AndroidManifest.xml:104:17-62
	android:name
		ADDED from PublicPlatform\app\AndroidManifest.xml:104:27-59
service#cn.jpush.android.service.DownloadService
ADDED from PublicPlatform\app\AndroidManifest.xml:108:9-112:19
	android:enabled
		ADDED from PublicPlatform\app\AndroidManifest.xml:110:13-35
	android:exported
		ADDED from PublicPlatform\app\AndroidManifest.xml:111:13-37
	android:name
		ADDED from PublicPlatform\app\AndroidManifest.xml:109:13-68
service#cn.jpush.android.service.PushService
ADDED from PublicPlatform\app\AndroidManifest.xml:117:9-127:19
	android:enabled
		ADDED from PublicPlatform\app\AndroidManifest.xml:119:13-35
	android:exported
		ADDED from PublicPlatform\app\AndroidManifest.xml:120:13-37
	android:name
		ADDED from PublicPlatform\app\AndroidManifest.xml:118:13-64
intent-filter#cn.jpush.android.intent.PUSH_TIME+cn.jpush.android.intent.PushService+cn.jpush.android.intent.REGISTER+cn.jpush.android.intent.REPORT
ADDED from PublicPlatform\app\AndroidManifest.xml:121:13-126:29
action#cn.jpush.android.intent.REGISTER
ADDED from PublicPlatform\app\AndroidManifest.xml:122:17-75
	android:name
		ADDED from PublicPlatform\app\AndroidManifest.xml:122:25-72
action#cn.jpush.android.intent.REPORT
ADDED from PublicPlatform\app\AndroidManifest.xml:123:17-73
	android:name
		ADDED from PublicPlatform\app\AndroidManifest.xml:123:25-70
action#cn.jpush.android.intent.PushService
ADDED from PublicPlatform\app\AndroidManifest.xml:124:17-78
	android:name
		ADDED from PublicPlatform\app\AndroidManifest.xml:124:25-75
action#cn.jpush.android.intent.PUSH_TIME
ADDED from PublicPlatform\app\AndroidManifest.xml:125:17-76
	android:name
		ADDED from PublicPlatform\app\AndroidManifest.xml:125:25-73
service#cn.jpush.android.service.DaemonService
ADDED from PublicPlatform\app\AndroidManifest.xml:131:9-140:19
	android:enabled
		ADDED from PublicPlatform\app\AndroidManifest.xml:133:13-35
	android:exported
		ADDED from PublicPlatform\app\AndroidManifest.xml:134:13-36
	android:name
		ADDED from PublicPlatform\app\AndroidManifest.xml:132:13-66
intent-filter#cn.jpush.android.intent.DaemonService+com.efly.platform
ADDED from PublicPlatform\app\AndroidManifest.xml:135:13-138:29
action#cn.jpush.android.intent.DaemonService
ADDED from PublicPlatform\app\AndroidManifest.xml:136:17-80
	android:name
		ADDED from PublicPlatform\app\AndroidManifest.xml:136:25-77
receiver#cn.jpush.android.service.PushReceiver
ADDED from PublicPlatform\app\AndroidManifest.xml:143:9-162:20
	android:enabled
		ADDED from PublicPlatform\app\AndroidManifest.xml:145:13-35
	android:exported
		ADDED from PublicPlatform\app\AndroidManifest.xml:146:13-37
	android:name
		ADDED from PublicPlatform\app\AndroidManifest.xml:144:13-65
intent-filter#cn.jpush.android.intent.NOTIFICATION_RECEIVED_PROXY+com.efly.platform
ADDED from PublicPlatform\app\AndroidManifest.xml:147:14-150:29
	android:priority
		ADDED from PublicPlatform\app\AndroidManifest.xml:147:29-52
action#cn.jpush.android.intent.NOTIFICATION_RECEIVED_PROXY
ADDED from PublicPlatform\app\AndroidManifest.xml:148:17-94
	android:name
		ADDED from PublicPlatform\app\AndroidManifest.xml:148:25-91
intent-filter#android.intent.action.USER_PRESENT+android.net.conn.CONNECTIVITY_CHANGE
ADDED from PublicPlatform\app\AndroidManifest.xml:151:13-154:29
action#android.intent.action.USER_PRESENT
ADDED from PublicPlatform\app\AndroidManifest.xml:152:17-77
	android:name
		ADDED from PublicPlatform\app\AndroidManifest.xml:152:25-74
action#android.net.conn.CONNECTIVITY_CHANGE
ADDED from PublicPlatform\app\AndroidManifest.xml:153:17-79
	android:name
		ADDED from PublicPlatform\app\AndroidManifest.xml:153:25-76
intent-filter#android.intent.action.PACKAGE_ADDED+android.intent.action.PACKAGE_REMOVED
ADDED from PublicPlatform\app\AndroidManifest.xml:156:13-160:29
action#android.intent.action.PACKAGE_ADDED
ADDED from PublicPlatform\app\AndroidManifest.xml:157:17-78
	android:name
		ADDED from PublicPlatform\app\AndroidManifest.xml:157:25-75
action#android.intent.action.PACKAGE_REMOVED
ADDED from PublicPlatform\app\AndroidManifest.xml:158:17-80
	android:name
		ADDED from PublicPlatform\app\AndroidManifest.xml:158:25-77
data
ADDED from PublicPlatform\app\AndroidManifest.xml:159:17-50
	android:scheme
		ADDED from PublicPlatform\app\AndroidManifest.xml:159:23-47
receiver#cn.jpush.android.service.AlarmReceiver
ADDED from PublicPlatform\app\AndroidManifest.xml:165:9-99
	android:exported
		ADDED from PublicPlatform\app\AndroidManifest.xml:165:73-97
	android:name
		ADDED from PublicPlatform\app\AndroidManifest.xml:165:19-72
receiver#com.efly.platform.jpush.MyReceiver
ADDED from PublicPlatform\app\AndroidManifest.xml:168:9-182:20
	android:enabled
		ADDED from PublicPlatform\app\AndroidManifest.xml:171:13-35
	android:exported
		ADDED from PublicPlatform\app\AndroidManifest.xml:170:13-37
	android:name
		ADDED from PublicPlatform\app\AndroidManifest.xml:169:13-45
intent-filter#cn.jpush.android.intent.ACTION_RICHPUSH_CALLBACK+cn.jpush.android.intent.CONNECTION+cn.jpush.android.intent.MESSAGE_RECEIVED+cn.jpush.android.intent.NOTIFICATION_OPENED+cn.jpush.android.intent.NOTIFICATION_RECEIVED+cn.jpush.android.intent.REGISTRATION+cn.jpush.android.intent.UNREGISTRATION+com.efly.platform
ADDED from PublicPlatform\app\AndroidManifest.xml:172:13-181:29
action#cn.jpush.android.intent.REGISTRATION
ADDED from PublicPlatform\app\AndroidManifest.xml:173:17-79
	android:name
		ADDED from PublicPlatform\app\AndroidManifest.xml:173:25-76
action#cn.jpush.android.intent.UNREGISTRATION
ADDED from PublicPlatform\app\AndroidManifest.xml:174:17-81
	android:name
		ADDED from PublicPlatform\app\AndroidManifest.xml:174:25-78
action#cn.jpush.android.intent.MESSAGE_RECEIVED
ADDED from PublicPlatform\app\AndroidManifest.xml:175:17-83
	android:name
		ADDED from PublicPlatform\app\AndroidManifest.xml:175:25-80
action#cn.jpush.android.intent.NOTIFICATION_RECEIVED
ADDED from PublicPlatform\app\AndroidManifest.xml:176:17-88
	android:name
		ADDED from PublicPlatform\app\AndroidManifest.xml:176:25-85
action#cn.jpush.android.intent.NOTIFICATION_OPENED
ADDED from PublicPlatform\app\AndroidManifest.xml:177:17-86
	android:name
		ADDED from PublicPlatform\app\AndroidManifest.xml:177:25-83
action#cn.jpush.android.intent.ACTION_RICHPUSH_CALLBACK
ADDED from PublicPlatform\app\AndroidManifest.xml:178:17-91
	android:name
		ADDED from PublicPlatform\app\AndroidManifest.xml:178:25-88
action#cn.jpush.android.intent.CONNECTION
ADDED from PublicPlatform\app\AndroidManifest.xml:179:17-77
	android:name
		ADDED from PublicPlatform\app\AndroidManifest.xml:179:25-74
meta-data#JPUSH_CHANNEL
ADDED from PublicPlatform\app\AndroidManifest.xml:186:9-84
	android:value
		ADDED from PublicPlatform\app\AndroidManifest.xml:186:49-82
	android:name
		ADDED from PublicPlatform\app\AndroidManifest.xml:186:20-48
meta-data#JPUSH_APPKEY
ADDED from PublicPlatform\app\AndroidManifest.xml:187:9-91
	android:value
		ADDED from PublicPlatform\app\AndroidManifest.xml:187:48-88
	android:name
		ADDED from PublicPlatform\app\AndroidManifest.xml:187:20-47
uses-sdk
INJECTED from PublicPlatform\app\AndroidManifest.xml reason: use-sdk injection requested
MERGED from [com.android.support:appcompat-v7:23.1.1] AndroidManifest.xml:20:5-43
MERGED from [com.android.support:support-v4:23.1.1] AndroidManifest.xml:20:5-43
	android:targetSdkVersion
		INJECTED from PublicPlatform\app\AndroidManifest.xml
		INJECTED from PublicPlatform\app\AndroidManifest.xml
	android:minSdkVersion
		INJECTED from PublicPlatform\app\AndroidManifest.xml
		INJECTED from PublicPlatform\app\AndroidManifest.xml